<?xml version="1.0" encoding="UTF-8"?>
<testsuite name="TestCalculator" tests="1" skipped="0" failures="0" errors="0" timestamp="2022-01-06T20:36:03" hostname="DESKTOP-2KEE99S" time="0.002">
  <properties/>
  <testcase name="testCalc" classname="TestCalculator" time="0.002"/>
  <system-out><![CDATA[]]></system-out>
  <system-err><![CDATA[]]></system-err>
</testsuite>
